<?xml version="1.0" encoding="UTF-8"?>
<!-- Generated by org.testng.reporters.JUnitXMLReporter -->
<testsuite ignored="3" hostname="BTN3243" failures="0" tests="1" name="Command line test" time="4.656" errors="0" timestamp="08 paź 2020 12:48:08 GMT">
  <testcase classname="tests.MainMenuTest" name="mainMenuTest" time="0.738"/>
  <testcase classname="tests.AddDoctorBlankValuesTest" name="addDoctorBlankValuesTest" time="0.0">
    <ignored/>
  </testcase> <!-- addDoctorBlankValuesTest -->
  <testcase classname="tests.DoctorListTest" name="doctorListTest" time="0.0">
    <ignored/>
  </testcase> <!-- doctorListTest -->
  <testcase classname="tests.DoctorListSearchBarTest" name="doctorListSearchBarTest" time="0.0">
    <ignored/>
  </testcase> <!-- doctorListSearchBarTest -->
</testsuite> <!-- Command line test -->
