<?xml version="1.0" encoding="UTF-8"?>
<testng-results ignored="3" total="4" passed="1" failed="0" skipped="0">
  <reporter-output>
  </reporter-output>
  <suite started-at="2020-10-08T12:48:03Z" name="Command line suite" finished-at="2020-10-08T12:48:08Z" duration-ms="4656">
    <groups>
    </groups>
    <test started-at="2020-10-08T12:48:03Z" name="Command line test" finished-at="2020-10-08T12:48:08Z" duration-ms="4656">
      <class name="tests.MainMenuTest">
        <test-method is-config="true" signature="setUp()[pri:0, instance:tests.MainMenuTest@7ce3cb8e]" started-at="2020-10-08T12:48:03Z" name="setUp" finished-at="2020-10-08T12:48:06Z" duration-ms="3291" status="PASS">
          <reporter-output>
          </reporter-output>
        </test-method> <!-- setUp -->
        <test-method signature="mainMenuTest()[pri:0, instance:tests.MainMenuTest@7ce3cb8e]" started-at="2020-10-08T12:48:06Z" name="mainMenuTest" finished-at="2020-10-08T12:48:07Z" duration-ms="738" status="PASS">
          <reporter-output>
          </reporter-output>
        </test-method> <!-- mainMenuTest -->
        <test-method is-config="true" signature="tearDown()[pri:0, instance:tests.MainMenuTest@7ce3cb8e]" started-at="2020-10-08T12:48:07Z" name="tearDown" finished-at="2020-10-08T12:48:08Z" duration-ms="613" status="PASS">
          <reporter-output>
          </reporter-output>
        </test-method> <!-- tearDown -->
      </class> <!-- tests.MainMenuTest -->
    </test> <!-- Command line test -->
  </suite> <!-- Command line suite -->
</testng-results>
